<?xml version="1.0" encoding="UTF-8"?>
<testng-results ignored="0" total="4" passed="4" failed="0" skipped="0">
  <reporter-output>
  </reporter-output>
  <suite started-at="2021-11-04T15:44:51 BDT" name="Default suite" finished-at="2021-11-04T15:44:51 BDT" duration-ms="115">
    <groups>
    </groups>
    <test started-at="2021-11-04T15:44:51 BDT" name="Default test" finished-at="2021-11-04T15:44:51 BDT" duration-ms="115">
      <class name="com.qa.tests.DemoTest">
        <test-method signature="div()[pri:0, instance:com.qa.tests.DemoTest@7e9131d5]" started-at="2021-11-04T15:44:51 BDT" name="div" finished-at="2021-11-04T15:44:51 BDT" duration-ms="18" status="PASS">
          <reporter-output>
          </reporter-output>
        </test-method> <!-- div -->
        <test-method signature="multi()[pri:0, instance:com.qa.tests.DemoTest@7e9131d5]" started-at="2021-11-04T15:44:51 BDT" name="multi" finished-at="2021-11-04T15:44:51 BDT" duration-ms="4" status="PASS">
          <reporter-output>
          </reporter-output>
        </test-method> <!-- multi -->
        <test-method signature="sub()[pri:0, instance:com.qa.tests.DemoTest@7e9131d5]" started-at="2021-11-04T15:44:51 BDT" name="sub" finished-at="2021-11-04T15:44:51 BDT" duration-ms="4" status="PASS">
          <reporter-output>
          </reporter-output>
        </test-method> <!-- sub -->
        <test-method signature="sum()[pri:0, instance:com.qa.tests.DemoTest@7e9131d5]" started-at="2021-11-04T15:44:51 BDT" name="sum" finished-at="2021-11-04T15:44:51 BDT" duration-ms="4" status="PASS">
          <reporter-output>
          </reporter-output>
        </test-method> <!-- sum -->
      </class> <!-- com.qa.tests.DemoTest -->
    </test> <!-- Default test -->
  </suite> <!-- Default suite -->
</testng-results>
