<?xml version="1.0" encoding="UTF-8"?>
<!-- Generated by org.testng.reporters.JUnitXMLReporter -->
<testsuite ignored="0" hostname="DESKTOP-QLF1HVV" failures="0" tests="4" name="Default test" time="0.115" errors="0" timestamp="2021-11-04T15:44:51 BDT">
  <testcase classname="com.qa.tests.DemoTest" name="div" time="0.018"/>
  <testcase classname="com.qa.tests.DemoTest" name="multi" time="0.004"/>
  <testcase classname="com.qa.tests.DemoTest" name="sub" time="0.004"/>
  <testcase classname="com.qa.tests.DemoTest" name="sum" time="0.004"/>
</testsuite> <!-- Default test -->
