<?xml version="1.0" encoding="UTF-8"?>
<!-- Generated by org.testng.reporters.JUnitXMLReporter -->
<testsuite ignored="0" hostname="DESKTOP-QLF1HVV" failures="0" tests="12" name="Test Maven Testing" time="0.106" errors="0" timestamp="2021-11-04T16:45:11 BDT">
  <testcase classname="com.qa.tests.DemoTest" name="div" time="0.007"/>
  <testcase classname="com.qa.tests.DemoTest" name="multi" time="0.001"/>
  <testcase classname="com.qa.tests.DemoTest" name="sub" time="0.0"/>
  <testcase classname="com.qa.tests.DemoTest" name="sum" time="0.001"/>
  <testcase classname="com.qa.tests.DemoTest1" name="div" time="0.0"/>
  <testcase classname="com.qa.tests.DemoTest1" name="multi" time="0.0"/>
  <testcase classname="com.qa.tests.DemoTest1" name="sub" time="0.0"/>
  <testcase classname="com.qa.tests.DemoTest1" name="sum" time="0.0"/>
  <testcase classname="com.qa.tests.DemoTest2" name="div" time="0.001"/>
  <testcase classname="com.qa.tests.DemoTest2" name="multi" time="0.001"/>
  <testcase classname="com.qa.tests.DemoTest2" name="sub" time="0.001"/>
  <testcase classname="com.qa.tests.DemoTest2" name="sum" time="0.001"/>
</testsuite> <!-- Test Maven Testing -->
