<?xml version="1.0" encoding="UTF-8"?>
<testng-results ignored="0" total="12" passed="12" failed="0" skipped="0">
  <reporter-output>
  </reporter-output>
  <suite started-at="2021-11-04T16:45:11 BDT" name="Test Maven Suite" finished-at="2021-11-04T16:45:11 BDT" duration-ms="106">
    <groups>
    </groups>
    <test started-at="2021-11-04T16:45:11 BDT" name="Test Maven Testing" finished-at="2021-11-04T16:45:11 BDT" duration-ms="106">
      <class name="com.qa.tests.DemoTest">
        <test-method signature="div()[pri:0, instance:com.qa.tests.DemoTest@2f54a33d]" started-at="2021-11-04T16:45:11 BDT" name="div" finished-at="2021-11-04T16:45:11 BDT" duration-ms="7" status="PASS">
          <reporter-output>
          </reporter-output>
        </test-method> <!-- div -->
        <test-method signature="multi()[pri:0, instance:com.qa.tests.DemoTest@2f54a33d]" started-at="2021-11-04T16:45:11 BDT" name="multi" finished-at="2021-11-04T16:45:11 BDT" duration-ms="1" status="PASS">
          <reporter-output>
          </reporter-output>
        </test-method> <!-- multi -->
        <test-method signature="sub()[pri:0, instance:com.qa.tests.DemoTest@2f54a33d]" started-at="2021-11-04T16:45:11 BDT" name="sub" finished-at="2021-11-04T16:45:11 BDT" duration-ms="0" status="PASS">
          <reporter-output>
          </reporter-output>
        </test-method> <!-- sub -->
        <test-method signature="sum()[pri:0, instance:com.qa.tests.DemoTest@2f54a33d]" started-at="2021-11-04T16:45:11 BDT" name="sum" finished-at="2021-11-04T16:45:11 BDT" duration-ms="1" status="PASS">
          <reporter-output>
          </reporter-output>
        </test-method> <!-- sum -->
      </class> <!-- com.qa.tests.DemoTest -->
      <class name="com.qa.tests.DemoTest1">
        <test-method signature="div()[pri:0, instance:com.qa.tests.DemoTest1@1356d4d4]" started-at="2021-11-04T16:45:11 BDT" name="div" finished-at="2021-11-04T16:45:11 BDT" duration-ms="0" status="PASS">
          <reporter-output>
          </reporter-output>
        </test-method> <!-- div -->
        <test-method signature="multi()[pri:0, instance:com.qa.tests.DemoTest1@1356d4d4]" started-at="2021-11-04T16:45:11 BDT" name="multi" finished-at="2021-11-04T16:45:11 BDT" duration-ms="0" status="PASS">
          <reporter-output>
          </reporter-output>
        </test-method> <!-- multi -->
        <test-method signature="sub()[pri:0, instance:com.qa.tests.DemoTest1@1356d4d4]" started-at="2021-11-04T16:45:11 BDT" name="sub" finished-at="2021-11-04T16:45:11 BDT" duration-ms="0" status="PASS">
          <reporter-output>
          </reporter-output>
        </test-method> <!-- sub -->
        <test-method signature="sum()[pri:0, instance:com.qa.tests.DemoTest1@1356d4d4]" started-at="2021-11-04T16:45:11 BDT" name="sum" finished-at="2021-11-04T16:45:11 BDT" duration-ms="0" status="PASS">
          <reporter-output>
          </reporter-output>
        </test-method> <!-- sum -->
      </class> <!-- com.qa.tests.DemoTest1 -->
      <class name="com.qa.tests.DemoTest2">
        <test-method signature="div()[pri:0, instance:com.qa.tests.DemoTest2@c03cf28]" started-at="2021-11-04T16:45:11 BDT" name="div" finished-at="2021-11-04T16:45:11 BDT" duration-ms="1" status="PASS">
          <reporter-output>
          </reporter-output>
        </test-method> <!-- div -->
        <test-method signature="multi()[pri:0, instance:com.qa.tests.DemoTest2@c03cf28]" started-at="2021-11-04T16:45:11 BDT" name="multi" finished-at="2021-11-04T16:45:11 BDT" duration-ms="1" status="PASS">
          <reporter-output>
          </reporter-output>
        </test-method> <!-- multi -->
        <test-method signature="sub()[pri:0, instance:com.qa.tests.DemoTest2@c03cf28]" started-at="2021-11-04T16:45:11 BDT" name="sub" finished-at="2021-11-04T16:45:11 BDT" duration-ms="1" status="PASS">
          <reporter-output>
          </reporter-output>
        </test-method> <!-- sub -->
        <test-method signature="sum()[pri:0, instance:com.qa.tests.DemoTest2@c03cf28]" started-at="2021-11-04T16:45:11 BDT" name="sum" finished-at="2021-11-04T16:45:11 BDT" duration-ms="1" status="PASS">
          <reporter-output>
          </reporter-output>
        </test-method> <!-- sum -->
      </class> <!-- com.qa.tests.DemoTest2 -->
    </test> <!-- Test Maven Testing -->
  </suite> <!-- Test Maven Suite -->
</testng-results>
