<?xml version="1.0" encoding="UTF-8"?>
<testsuite xmlns:xsi="http://www.w3.org/2001/XMLSchema-instance" xsi:noNamespaceSchemaLocation="https://maven.apache.org/surefire/maven-surefire-plugin/xsd/surefire-test-report-3.0.xsd" version="3.0" name="TestSuite" time="1.768" tests="12" errors="0" skipped="0" failures="0">
  <properties>
[...]
</properties>
  <testcase name="div" classname="com.qa.tests.DemoTest" time="0.008">
    <system-out><![CDATA[[TestNGContentHandler] [WARN] It is strongly recommended to add "<!DOCTYPE suite SYSTEM "https://testng.org/testng-1.0.dtd" >" at the top of the suite file [M:\eclipse\projects\MavenDemoTest\src\main\resources\testng.xml] otherwise TestNG may fail or not work as expected.
DIV
]]></system-out>
  </testcase>
  <testcase name="multi" classname="com.qa.tests.DemoTest" time="0">
    <system-out><![CDATA[MULTI
]]></system-out>
  </testcase>
  <testcase name="sub" classname="com.qa.tests.DemoTest" time="0">
    <system-out><![CDATA[SUB
]]></system-out>
  </testcase>
  <testcase name="sum" classname="com.qa.tests.DemoTest" time="0.001">
    <system-out><![CDATA[SUM
]]></system-out>
  </testcase>
  <testcase name="div" classname="com.qa.tests.DemoTest1" time="0.001">
    <system-out><![CDATA[DIV
]]></system-out>
  </testcase>
  <testcase name="multi" classname="com.qa.tests.DemoTest1" time="0.001">
    <system-out><![CDATA[MULTI
]]></system-out>
  </testcase>
  <testcase name="sub" classname="com.qa.tests.DemoTest1" time="0.004">
    <system-out><![CDATA[SUB
]]></system-out>
  </testcase>
  <testcase name="sum" classname="com.qa.tests.DemoTest1" time="0.001">
    <system-out><![CDATA[SUM
]]></system-out>
  </testcase>
  <testcase name="div" classname="com.qa.tests.DemoTest2" time="0.002">
    <system-out><![CDATA[DIV
]]></system-out>
  </testcase>
  <testcase name="multi" classname="com.qa.tests.DemoTest2" time="0">
    <system-out><![CDATA[MULTI
]]></system-out>
  </testcase>
  <testcase name="sub" classname="com.qa.tests.DemoTest2" time="0">
    <system-out><![CDATA[SUB
]]></system-out>
  </testcase>
  <testcase name="sum" classname="com.qa.tests.DemoTest2" time="0">
    <system-out><![CDATA[SUM
]]></system-out>
  </testcase>
</testsuite>